2019-03-27 15:05:28.737  INFO [           main] trationDelegate$BeanPostProcessorChecker : Bean 'org.springframework.cloud.autoconfigure.ConfigurationPropertiesRebinderAutoConfiguration' of type [org.springframework.cloud.autoconfigure.ConfigurationPropertiesRebinderAutoConfiguration$$EnhancerBySpringCGLIB$$a3b6fb80] is not eligible for getting processed by all BeanPostProcessors (for example: not eligible for auto-proxying)
2019-03-27 15:05:30.031  INFO [           main] com.yb.admin.AdminApplicationTests       : The following profiles are active: dev
2019-03-27 15:05:31.681  WARN [           main] o.s.boot.actuate.endpoint.EndpointId     : Endpoint ID 'service-registry' contains invalid characters, please migrate to a valid format.
2019-03-27 15:05:31.713  WARN [           main] o.s.boot.actuate.endpoint.EndpointId     : Endpoint ID 'hystrix.stream' contains invalid characters, please migrate to a valid format.
2019-03-27 15:05:32.009  INFO [           main] o.s.cloud.context.scope.GenericScope     : BeanFactory id=2cd71268-1981-38f9-bba0-b8bf394e41e1
2019-03-27 15:05:32.677  INFO [           main] trationDelegate$BeanPostProcessorChecker : Bean 'org.springframework.cloud.autoconfigure.ConfigurationPropertiesRebinderAutoConfiguration' of type [org.springframework.cloud.autoconfigure.ConfigurationPropertiesRebinderAutoConfiguration$$EnhancerBySpringCGLIB$$a3b6fb80] is not eligible for getting processed by all BeanPostProcessors (for example: not eligible for auto-proxying)
2019-03-27 15:05:33.148  WARN [           main] c.n.c.sources.URLConfigurationSource     : No URLs will be polled as dynamic configuration sources.
2019-03-27 15:05:33.149  INFO [           main] c.n.c.sources.URLConfigurationSource     : To enable URLs as dynamic configuration sources, define System property archaius.configurationSource.additionalUrls or make config.properties available on classpath.
2019-03-27 15:05:33.179  INFO [           main] c.netflix.config.DynamicPropertyFactory  : DynamicPropertyFactory is initialized with configuration sources: com.netflix.config.ConcurrentCompositeConfiguration@2753316c
2019-03-27 15:05:33.674  WARN [           main] c.n.c.sources.URLConfigurationSource     : No URLs will be polled as dynamic configuration sources.
2019-03-27 15:05:33.674  INFO [           main] c.n.c.sources.URLConfigurationSource     : To enable URLs as dynamic configuration sources, define System property archaius.configurationSource.additionalUrls or make config.properties available on classpath.
2019-03-27 15:05:34.250  INFO [           main] o.s.s.concurrent.ThreadPoolTaskExecutor  : Initializing ExecutorService 'applicationTaskExecutor'
2019-03-27 15:05:34.511  WARN [           main] ion$DefaultTemplateResolverConfiguration : Cannot find template location: classpath:/templates/ (please add some templates or check your Thymeleaf configuration)
2019-03-27 15:05:36.560  INFO [           main] o.s.cloud.commons.util.InetUtils         : Cannot determine local hostname
2019-03-27 15:05:37.802  INFO [           main] o.s.cloud.commons.util.InetUtils         : Cannot determine local hostname
2019-03-27 15:05:39.417  INFO [           main] o.s.s.web.DefaultSecurityFilterChain     : Creating filter chain: any request, [org.springframework.security.web.context.request.async.WebAsyncManagerIntegrationFilter@55053f81, org.springframework.security.web.context.SecurityContextPersistenceFilter@1209a0f, org.springframework.security.web.header.HeaderWriterFilter@595814a1, org.springframework.security.web.authentication.logout.LogoutFilter@c11332b, org.springframework.security.web.authentication.UsernamePasswordAuthenticationFilter@2905b568, org.springframework.security.web.authentication.www.BasicAuthenticationFilter@1d1c37d5, org.springframework.security.web.savedrequest.RequestCacheAwareFilter@66715ca9, org.springframework.security.web.servletapi.SecurityContextHolderAwareRequestFilter@3c09a350, org.springframework.security.web.authentication.AnonymousAuthenticationFilter@1fee4278, org.springframework.security.web.session.SessionManagementFilter@49d42faf, org.springframework.security.web.access.ExceptionTranslationFilter@6c27e700, org.springframework.security.web.access.intercept.FilterSecurityInterceptor@38a96593]
2019-03-27 15:05:39.663  INFO [           main] o.s.b.a.e.web.EndpointLinksResolver      : Exposing 22 endpoint(s) beneath base path '/actuator'
2019-03-27 15:05:40.169  INFO [           main] com.yb.admin.AdminApplicationTests       : Started AdminApplicationTests in 13.792 seconds (JVM running for 16.5)
2019-03-27 15:05:40.193  INFO [           main] o.s.c.n.eureka.InstanceInfoFactory       : Setting initial instance status as: STARTING
2019-03-27 15:05:40.355  INFO [           main] com.netflix.discovery.DiscoveryClient    : Initializing Eureka in region us-east-1
2019-03-27 15:05:40.742  INFO [           main] c.n.d.provider.DiscoveryJerseyProvider   : Using JSON encoding codec LegacyJacksonJson
2019-03-27 15:05:40.743  INFO [           main] c.n.d.provider.DiscoveryJerseyProvider   : Using JSON decoding codec LegacyJacksonJson
2019-03-27 15:05:41.064  INFO [           main] c.n.d.provider.DiscoveryJerseyProvider   : Using XML encoding codec XStreamXml
2019-03-27 15:05:41.064  INFO [           main] c.n.d.provider.DiscoveryJerseyProvider   : Using XML decoding codec XStreamXml
2019-03-27 15:05:41.442  INFO [           main] c.n.d.s.r.aws.ConfigClusterResolver      : Resolving eureka endpoints via configuration
2019-03-27 15:05:41.815  INFO [           main] com.netflix.discovery.DiscoveryClient    : Disable delta property : false
2019-03-27 15:05:41.816  INFO [           main] com.netflix.discovery.DiscoveryClient    : Single vip registry refresh property : null
2019-03-27 15:05:41.816  INFO [           main] com.netflix.discovery.DiscoveryClient    : Force full registry fetch : false
2019-03-27 15:05:41.816  INFO [           main] com.netflix.discovery.DiscoveryClient    : Application is null : false
2019-03-27 15:05:41.816  INFO [           main] com.netflix.discovery.DiscoveryClient    : Registered Applications size is zero : true
2019-03-27 15:05:41.816  INFO [           main] com.netflix.discovery.DiscoveryClient    : Application version is -1: true
2019-03-27 15:05:41.820  INFO [           main] com.netflix.discovery.DiscoveryClient    : Getting all instance registry info from the eureka server
2019-03-27 15:05:42.139  INFO [           main] com.netflix.discovery.DiscoveryClient    : The response status is 200
2019-03-27 15:05:42.156  INFO [           main] com.netflix.discovery.DiscoveryClient    : Starting heartbeat executor: renew interval is: 10
2019-03-27 15:05:42.161  INFO [           main] c.n.discovery.InstanceInfoReplicator     : InstanceInfoReplicator onDemand update allowed rate per min is 4
2019-03-27 15:05:42.165  INFO [           main] com.netflix.discovery.DiscoveryClient    : Discovery Client initialized at timestamp 1553670342163 with initial instances count: 2
2019-03-27 15:05:43.780  INFO [       Thread-7] o.s.c.n.e.s.EurekaServiceRegistry        : Unregistering application ADMIN with eureka with status DOWN
2019-03-27 15:05:43.783  WARN [       Thread-7] com.netflix.discovery.DiscoveryClient    : Saw local status change event StatusChangeEvent [timestamp=1553670343783, current=DOWN, previous=STARTING]
2019-03-27 15:05:43.798  INFO [nfoReplicator-0] com.netflix.discovery.DiscoveryClient    : DiscoveryClient_ADMIN/localhost:admin:-1: registering service...
2019-03-27 15:05:43.884  INFO [       Thread-7] o.s.s.concurrent.ThreadPoolTaskExecutor  : Shutting down ExecutorService 'applicationTaskExecutor'
2019-03-27 15:05:43.913  INFO [nfoReplicator-0] com.netflix.discovery.DiscoveryClient    : DiscoveryClient_ADMIN/localhost:admin:-1 - registration status: 204
2019-03-27 15:05:43.988  INFO [       Thread-7] com.netflix.discovery.DiscoveryClient    : Shutting down DiscoveryClient ...
2019-03-27 15:05:46.989  INFO [       Thread-7] com.netflix.discovery.DiscoveryClient    : Unregistering ...
2019-03-27 15:05:47.007  INFO [       Thread-7] com.netflix.discovery.DiscoveryClient    : DiscoveryClient_ADMIN/localhost:admin:-1 - deregister  status: 200
2019-03-27 15:05:47.024  INFO [       Thread-7] com.netflix.discovery.DiscoveryClient    : Completed shut down of DiscoveryClient
