2019-03-27 14:44:31.648  INFO 14060 --- [main] trationDelegate$BeanPostProcessorChecker : Bean 'org.springframework.cloud.autoconfigure.ConfigurationPropertiesRebinderAutoConfiguration' of type [org.springframework.cloud.autoconfigure.ConfigurationPropertiesRebinderAutoConfiguration$$EnhancerBySpringCGLIB$$2ea76a7a] is not eligible for getting processed by all BeanPostProcessors (for example: not eligible for auto-proxying)
2019-03-27 14:44:32.873  INFO 14060 --- [main] com.yb.admin.AdminApplication            : The following profiles are active: dev
2019-03-27 14:44:33.974  WARN 14060 --- [main] o.s.boot.actuate.endpoint.EndpointId     : Endpoint ID 'service-registry' contains invalid characters, please migrate to a valid format.
2019-03-27 14:44:33.983  WARN 14060 --- [main] o.s.boot.actuate.endpoint.EndpointId     : Endpoint ID 'hystrix.stream' contains invalid characters, please migrate to a valid format.
2019-03-27 14:44:34.220  INFO 14060 --- [main] o.s.cloud.context.scope.GenericScope     : BeanFactory id=b65c3523-9161-33c2-b1c6-fad7a5e08531
2019-03-27 14:44:34.616  INFO 14060 --- [main] trationDelegate$BeanPostProcessorChecker : Bean 'org.springframework.cloud.autoconfigure.ConfigurationPropertiesRebinderAutoConfiguration' of type [org.springframework.cloud.autoconfigure.ConfigurationPropertiesRebinderAutoConfiguration$$EnhancerBySpringCGLIB$$2ea76a7a] is not eligible for getting processed by all BeanPostProcessors (for example: not eligible for auto-proxying)
2019-03-27 14:44:34.913  WARN 14060 --- [main] io.undertow.websockets.jsr               : UT026010: Buffer pool was not set on WebSocketDeploymentInfo, the default pool will be used
2019-03-27 14:44:34.944  INFO 14060 --- [main] io.undertow.servlet                      : Initializing Spring embedded WebApplicationContext
2019-03-27 14:44:34.944  INFO 14060 --- [main] o.s.web.context.ContextLoader            : Root WebApplicationContext: initialization completed in 2055 ms
2019-03-27 14:44:35.111  WARN 14060 --- [main] c.n.c.sources.URLConfigurationSource     : No URLs will be polled as dynamic configuration sources.
2019-03-27 14:44:35.111  INFO 14060 --- [main] c.n.c.sources.URLConfigurationSource     : To enable URLs as dynamic configuration sources, define System property archaius.configurationSource.additionalUrls or make config.properties available on classpath.
2019-03-27 14:44:35.134  INFO 14060 --- [main] c.netflix.config.DynamicPropertyFactory  : DynamicPropertyFactory is initialized with configuration sources: com.netflix.config.ConcurrentCompositeConfiguration@496cc217
2019-03-27 14:44:36.582  INFO 14060 --- [main] o.s.cloud.commons.util.InetUtils         : Cannot determine local hostname
2019-03-27 14:44:36.910  INFO 14060 --- [main] o.s.b.a.e.web.ServletEndpointRegistrar   : Registered '/actuator/jolokia' to jolokia-actuator-endpoint
2019-03-27 14:44:36.910  INFO 14060 --- [main] o.s.b.a.e.web.ServletEndpointRegistrar   : Registered '/actuator/hystrix.stream' to hystrix.stream-actuator-endpoint
2019-03-27 14:44:37.124  WARN 14060 --- [main] c.n.c.sources.URLConfigurationSource     : No URLs will be polled as dynamic configuration sources.
2019-03-27 14:44:37.124  INFO 14060 --- [main] c.n.c.sources.URLConfigurationSource     : To enable URLs as dynamic configuration sources, define System property archaius.configurationSource.additionalUrls or make config.properties available on classpath.
2019-03-27 14:44:37.344  INFO 14060 --- [main] o.s.s.concurrent.ThreadPoolTaskExecutor  : Initializing ExecutorService 'applicationTaskExecutor'
2019-03-27 14:44:37.490  WARN 14060 --- [main] ion$DefaultTemplateResolverConfiguration : Cannot find template location: classpath:/templates/ (please add some templates or check your Thymeleaf configuration)
2019-03-27 14:44:39.158  INFO 14060 --- [main] o.s.cloud.commons.util.InetUtils         : Cannot determine local hostname
2019-03-27 14:44:39.786  INFO 14060 --- [main] o.s.s.web.DefaultSecurityFilterChain     : Creating filter chain: any request, [org.springframework.security.web.context.request.async.WebAsyncManagerIntegrationFilter@474619d9, org.springframework.security.web.context.SecurityContextPersistenceFilter@4cc89246, org.springframework.security.web.header.HeaderWriterFilter@47eae91d, org.springframework.security.web.authentication.logout.LogoutFilter@4654e373, org.springframework.security.web.authentication.UsernamePasswordAuthenticationFilter@86377d5, org.springframework.security.web.authentication.www.BasicAuthenticationFilter@2f8f40cc, org.springframework.security.web.savedrequest.RequestCacheAwareFilter@3e28af44, org.springframework.security.web.servletapi.SecurityContextHolderAwareRequestFilter@71f29d91, org.springframework.security.web.authentication.AnonymousAuthenticationFilter@bb5f9d, org.springframework.security.web.session.SessionManagementFilter@472719df, org.springframework.security.web.access.ExceptionTranslationFilter@e993715, org.springframework.security.web.access.intercept.FilterSecurityInterceptor@d180961]
2019-03-27 14:44:39.880  INFO 14060 --- [main] o.s.b.a.e.web.EndpointLinksResolver      : Exposing 22 endpoint(s) beneath base path '/actuator'
2019-03-27 14:44:40.129  INFO 14060 --- [main] o.s.c.n.eureka.InstanceInfoFactory       : Setting initial instance status as: STARTING
2019-03-27 14:44:40.217  INFO 14060 --- [main] com.netflix.discovery.DiscoveryClient    : Initializing Eureka in region us-east-1
2019-03-27 14:44:40.645  INFO 14060 --- [main] c.n.d.provider.DiscoveryJerseyProvider   : Using JSON encoding codec LegacyJacksonJson
2019-03-27 14:44:40.645  INFO 14060 --- [main] c.n.d.provider.DiscoveryJerseyProvider   : Using JSON decoding codec LegacyJacksonJson
2019-03-27 14:44:40.902  INFO 14060 --- [main] c.n.d.provider.DiscoveryJerseyProvider   : Using XML encoding codec XStreamXml
2019-03-27 14:44:40.902  INFO 14060 --- [main] c.n.d.provider.DiscoveryJerseyProvider   : Using XML decoding codec XStreamXml
2019-03-27 14:44:41.242  INFO 14060 --- [main] c.n.d.s.r.aws.ConfigClusterResolver      : Resolving eureka endpoints via configuration
2019-03-27 14:44:41.325  INFO 14060 --- [main] com.netflix.discovery.DiscoveryClient    : Disable delta property : false
2019-03-27 14:44:41.325  INFO 14060 --- [main] com.netflix.discovery.DiscoveryClient    : Single vip registry refresh property : null
2019-03-27 14:44:41.325  INFO 14060 --- [main] com.netflix.discovery.DiscoveryClient    : Force full registry fetch : false
2019-03-27 14:44:41.325  INFO 14060 --- [main] com.netflix.discovery.DiscoveryClient    : Application is null : false
2019-03-27 14:44:41.325  INFO 14060 --- [main] com.netflix.discovery.DiscoveryClient    : Registered Applications size is zero : true
2019-03-27 14:44:41.325  INFO 14060 --- [main] com.netflix.discovery.DiscoveryClient    : Application version is -1: true
2019-03-27 14:44:41.325  INFO 14060 --- [main] com.netflix.discovery.DiscoveryClient    : Getting all instance registry info from the eureka server
2019-03-27 14:44:41.643  INFO 14060 --- [main] com.netflix.discovery.DiscoveryClient    : The response status is 200
2019-03-27 14:44:41.648  INFO 14060 --- [main] com.netflix.discovery.DiscoveryClient    : Starting heartbeat executor: renew interval is: 10
2019-03-27 14:44:41.650  INFO 14060 --- [main] c.n.discovery.InstanceInfoReplicator     : InstanceInfoReplicator onDemand update allowed rate per min is 4
2019-03-27 14:44:41.655  INFO 14060 --- [main] com.netflix.discovery.DiscoveryClient    : Discovery Client initialized at timestamp 1553669081652 with initial instances count: 1
2019-03-27 14:44:41.656  INFO 14060 --- [main] o.s.c.n.e.s.EurekaServiceRegistry        : Registering application SPRING-BOOT-ADMIN with eureka with status UP
2019-03-27 14:44:41.657  INFO 14060 --- [main] com.netflix.discovery.DiscoveryClient    : Saw local status change event StatusChangeEvent [timestamp=1553669081657, current=UP, previous=STARTING]
2019-03-27 14:44:41.662  INFO 14060 --- [DiscoveryClient-InstanceInfoReplicator-0] com.netflix.discovery.DiscoveryClient    : DiscoveryClient_SPRING-BOOT-ADMIN/localhost:spring-boot-admin:9999: registering service...
2019-03-27 14:44:41.744  INFO 14060 --- [DiscoveryClient-InstanceInfoReplicator-0] com.netflix.discovery.DiscoveryClient    : DiscoveryClient_SPRING-BOOT-ADMIN/localhost:spring-boot-admin:9999 - registration status: 204
2019-03-27 14:44:42.152  INFO 14060 --- [main] org.xnio                                 : XNIO version 3.3.8.Final
2019-03-27 14:44:42.180  INFO 14060 --- [main] org.xnio.nio                             : XNIO NIO Implementation Version 3.3.8.Final
2019-03-27 14:44:42.256  INFO 14060 --- [main] o.s.b.w.e.u.UndertowServletWebServer     : Undertow started on port(s) 9999 (http) with context path ''
2019-03-27 14:44:42.257  INFO 14060 --- [main] .s.c.n.e.s.EurekaAutoServiceRegistration : Updating port to 9999
2019-03-27 14:44:42.258  INFO 14060 --- [main] com.yb.admin.AdminApplication            : Started AdminApplication in 13.056 seconds (JVM running for 15.539)
2019-03-27 14:44:42.781  INFO 14060 --- [RMI TCP Connection(2)-172.16.171.1] io.undertow.servlet                      : Initializing Spring DispatcherServlet 'dispatcherServlet'
2019-03-27 14:44:42.781  INFO 14060 --- [RMI TCP Connection(2)-172.16.171.1] o.s.web.servlet.DispatcherServlet        : Initializing Servlet 'dispatcherServlet'
2019-03-27 14:44:42.981  INFO 14060 --- [RMI TCP Connection(2)-172.16.171.1] o.s.web.servlet.DispatcherServlet        : Completed initialization in 200 ms
2019-03-27 14:45:59.025  INFO 14060 --- [reactor-http-nio-3] d.c.b.a.server.services.StatusUpdater    : Couldn't retrieve status for Instance(id=f88e3dca64bb, version=3, registration=Registration(name=FLOWABLE, managementUrl=http://localhost:8083/actuator, healthUrl=http://localhost:8083/actuator/health, serviceUrl=http://localhost:8083/, source=discovery), registered=true, statusInfo=StatusInfo(status=UP, details={}), statusTimestamp=2019-03-27T06:44:42.290Z, info=Info(values={flowable={version=6.4.1.3}}), endpoints=Endpoints(endpoints={httptrace=Endpoint(id=httptrace, url=http://localhost:8083/actuator/httptrace), caches=Endpoint(id=caches, url=http://localhost:8083/actuator/caches), loggers=Endpoint(id=loggers, url=http://localhost:8083/actuator/loggers), logfile=Endpoint(id=logfile, url=http://localhost:8083/actuator/logfile), refresh=Endpoint(id=refresh, url=http://localhost:8083/actuator/refresh), health=Endpoint(id=health, url=http://localhost:8083/actuator/health), env=Endpoint(id=env, url=http://localhost:8083/actuator/env), heapdump=Endpoint(id=heapdump, url=http://localhost:8083/actuator/heapdump), features=Endpoint(id=features, url=http://localhost:8083/actuator/features), mappings=Endpoint(id=mappings, url=http://localhost:8083/actuator/mappings), scheduledtasks=Endpoint(id=scheduledtasks, url=http://localhost:8083/actuator/scheduledtasks), archaius=Endpoint(id=archaius, url=http://localhost:8083/actuator/archaius), flowable=Endpoint(id=flowable, url=http://localhost:8083/actuator/flowable), configprops=Endpoint(id=configprops, url=http://localhost:8083/actuator/configprops), beans=Endpoint(id=beans, url=http://localhost:8083/actuator/beans), threaddump=Endpoint(id=threaddump, url=http://localhost:8083/actuator/threaddump), metrics=Endpoint(id=metrics, url=http://localhost:8083/actuator/metrics), conditions=Endpoint(id=conditions, url=http://localhost:8083/actuator/conditions), auditevents=Endpoint(id=auditevents, url=http://localhost:8083/actuator/auditevents), service-registry=Endpoint(id=service-registry, url=http://localhost:8083/actuator/service-registry), info=Endpoint(id=info, url=http://localhost:8083/actuator/info)}), buildVersion=null, tags=Tags(values={}))

io.netty.channel.AbstractChannel$AnnotatedConnectException: Connection refused: no further information: localhost/127.0.0.1:8083
	at sun.nio.ch.SocketChannelImpl.checkConnect(Native Method) ~[na:1.8.0_152]
	at sun.nio.ch.SocketChannelImpl.finishConnect(SocketChannelImpl.java:717) ~[na:1.8.0_152]
	at io.netty.channel.socket.nio.NioSocketChannel.doFinishConnect(NioSocketChannel.java:327) ~[netty-transport-4.1.33.Final.jar:4.1.33.Final]
	at io.netty.channel.nio.AbstractNioChannel$AbstractNioUnsafe.finishConnect(AbstractNioChannel.java:340) ~[netty-transport-4.1.33.Final.jar:4.1.33.Final]
	at io.netty.channel.nio.NioEventLoop.processSelectedKey(NioEventLoop.java:665) ~[netty-transport-4.1.33.Final.jar:4.1.33.Final]
	at io.netty.channel.nio.NioEventLoop.processSelectedKeysOptimized(NioEventLoop.java:612) ~[netty-transport-4.1.33.Final.jar:4.1.33.Final]
	at io.netty.channel.nio.NioEventLoop.processSelectedKeys(NioEventLoop.java:529) ~[netty-transport-4.1.33.Final.jar:4.1.33.Final]
	at io.netty.channel.nio.NioEventLoop.run(NioEventLoop.java:491) ~[netty-transport-4.1.33.Final.jar:4.1.33.Final]
	at io.netty.util.concurrent.SingleThreadEventExecutor$5.run(SingleThreadEventExecutor.java:905) ~[netty-common-4.1.33.Final.jar:4.1.33.Final]
	at java.lang.Thread.run(Thread.java:748) ~[na:1.8.0_152]
Caused by: java.net.ConnectException: Connection refused: no further information
	... 10 common frames omitted

2019-03-27 14:46:01.809  INFO 14060 --- [DiscoveryClient-CacheRefreshExecutor-0] d.c.b.a.s.c.d.InstanceDiscoveryListener  : Instance (f88e3dca64bb) missing in DiscoveryClient services 
2019-03-27 14:49:17.829  INFO 14060 --- [Thread-38] o.s.c.n.e.s.EurekaServiceRegistry        : Unregistering application SPRING-BOOT-ADMIN with eureka with status DOWN
2019-03-27 14:49:17.829  WARN 14060 --- [Thread-38] com.netflix.discovery.DiscoveryClient    : Saw local status change event StatusChangeEvent [timestamp=1553669357829, current=DOWN, previous=UP]
2019-03-27 14:49:17.829  INFO 14060 --- [DiscoveryClient-InstanceInfoReplicator-0] com.netflix.discovery.DiscoveryClient    : DiscoveryClient_SPRING-BOOT-ADMIN/localhost:spring-boot-admin:9999: registering service...
2019-03-27 14:49:17.844  INFO 14060 --- [Thread-38] o.s.s.concurrent.ThreadPoolTaskExecutor  : Shutting down ExecutorService 'applicationTaskExecutor'
2019-03-27 14:49:17.855  INFO 14060 --- [DiscoveryClient-InstanceInfoReplicator-0] com.netflix.discovery.DiscoveryClient    : DiscoveryClient_SPRING-BOOT-ADMIN/localhost:spring-boot-admin:9999 - registration status: 204
2019-03-27 14:49:17.858  INFO 14060 --- [Thread-38] com.netflix.discovery.DiscoveryClient    : Shutting down DiscoveryClient ...
2019-03-27 14:49:18.076 ERROR 14060 --- [XNIO-1 task-2] io.undertow.request                      : UT005023: Exception handling request to /instances/f88e3dca64bb/actuator/logfile

org.springframework.web.util.NestedServletException: Request processing failed; nested exception is org.springframework.beans.factory.BeanCreationNotAllowedException: Error creating bean with name 'instancesProxyController': Singleton bean creation not allowed while singletons of this factory are in destruction (Do not request a bean from a BeanFactory in a destroy method implementation!)
	at org.springframework.web.servlet.FrameworkServlet.processRequest(FrameworkServlet.java:1013) ~[spring-webmvc-5.1.5.RELEASE.jar:5.1.5.RELEASE]
	at org.springframework.web.servlet.FrameworkServlet.doGet(FrameworkServlet.java:897) ~[spring-webmvc-5.1.5.RELEASE.jar:5.1.5.RELEASE]
	at javax.servlet.http.HttpServlet.service(HttpServlet.java:645) ~[javax.servlet-api-4.0.1.jar:4.0.1]
	at org.springframework.web.servlet.FrameworkServlet.service(FrameworkServlet.java:882) ~[spring-webmvc-5.1.5.RELEASE.jar:5.1.5.RELEASE]
	at javax.servlet.http.HttpServlet.service(HttpServlet.java:750) ~[javax.servlet-api-4.0.1.jar:4.0.1]
	at io.undertow.servlet.handlers.ServletHandler.handleRequest(ServletHandler.java:74) ~[undertow-servlet-2.0.17.Final.jar:2.0.17.Final]
	at io.undertow.servlet.handlers.FilterHandler$FilterChainImpl.doFilter(FilterHandler.java:129) ~[undertow-servlet-2.0.17.Final.jar:2.0.17.Final]
	at org.springframework.boot.actuate.web.trace.servlet.HttpTraceFilter.doFilterInternal(HttpTraceFilter.java:90) ~[spring-boot-actuator-2.1.3.RELEASE.jar:2.1.3.RELEASE]
	at org.springframework.web.filter.OncePerRequestFilter.doFilter(OncePerRequestFilter.java:107) ~[spring-web-5.1.5.RELEASE.jar:5.1.5.RELEASE]
	at io.undertow.servlet.core.ManagedFilter.doFilter(ManagedFilter.java:61) ~[undertow-servlet-2.0.17.Final.jar:2.0.17.Final]
	at io.undertow.servlet.handlers.FilterHandler$FilterChainImpl.doFilter(FilterHandler.java:131) ~[undertow-servlet-2.0.17.Final.jar:2.0.17.Final]
	at org.springframework.security.web.FilterChainProxy$VirtualFilterChain.doFilter(FilterChainProxy.java:320) ~[spring-security-web-5.1.4.RELEASE.jar:5.1.4.RELEASE]
	at org.springframework.security.web.access.intercept.FilterSecurityInterceptor.invoke(FilterSecurityInterceptor.java:127) ~[spring-security-web-5.1.4.RELEASE.jar:5.1.4.RELEASE]
	at org.springframework.security.web.access.intercept.FilterSecurityInterceptor.doFilter(FilterSecurityInterceptor.java:91) ~[spring-security-web-5.1.4.RELEASE.jar:5.1.4.RELEASE]
	at org.springframework.security.web.FilterChainProxy$VirtualFilterChain.doFilter(FilterChainProxy.java:334) ~[spring-security-web-5.1.4.RELEASE.jar:5.1.4.RELEASE]
	at org.springframework.security.web.access.ExceptionTranslationFilter.doFilter(ExceptionTranslationFilter.java:119) ~[spring-security-web-5.1.4.RELEASE.jar:5.1.4.RELEASE]
	at org.springframework.security.web.FilterChainProxy$VirtualFilterChain.doFilter(FilterChainProxy.java:334) ~[spring-security-web-5.1.4.RELEASE.jar:5.1.4.RELEASE]
	at org.springframework.security.web.session.SessionManagementFilter.doFilter(SessionManagementFilter.java:137) ~[spring-security-web-5.1.4.RELEASE.jar:5.1.4.RELEASE]
	at org.springframework.security.web.FilterChainProxy$VirtualFilterChain.doFilter(FilterChainProxy.java:334) ~[spring-security-web-5.1.4.RELEASE.jar:5.1.4.RELEASE]
	at org.springframework.security.web.authentication.AnonymousAuthenticationFilter.doFilter(AnonymousAuthenticationFilter.java:111) ~[spring-security-web-5.1.4.RELEASE.jar:5.1.4.RELEASE]
	at org.springframework.security.web.FilterChainProxy$VirtualFilterChain.doFilter(FilterChainProxy.java:334) ~[spring-security-web-5.1.4.RELEASE.jar:5.1.4.RELEASE]
	at org.springframework.security.web.servletapi.SecurityContextHolderAwareRequestFilter.doFilter(SecurityContextHolderAwareRequestFilter.java:170) ~[spring-security-web-5.1.4.RELEASE.jar:5.1.4.RELEASE]
	at org.springframework.security.web.FilterChainProxy$VirtualFilterChain.doFilter(FilterChainProxy.java:334) ~[spring-security-web-5.1.4.RELEASE.jar:5.1.4.RELEASE]
	at org.springframework.security.web.savedrequest.RequestCacheAwareFilter.doFilter(RequestCacheAwareFilter.java:63) ~[spring-security-web-5.1.4.RELEASE.jar:5.1.4.RELEASE]
	at org.springframework.security.web.FilterChainProxy$VirtualFilterChain.doFilter(FilterChainProxy.java:334) ~[spring-security-web-5.1.4.RELEASE.jar:5.1.4.RELEASE]
	at org.springframework.security.web.authentication.www.BasicAuthenticationFilter.doFilterInternal(BasicAuthenticationFilter.java:158) ~[spring-security-web-5.1.4.RELEASE.jar:5.1.4.RELEASE]
	at org.springframework.web.filter.OncePerRequestFilter.doFilter(OncePerRequestFilter.java:107) ~[spring-web-5.1.5.RELEASE.jar:5.1.5.RELEASE]
	at org.springframework.security.web.FilterChainProxy$VirtualFilterChain.doFilter(FilterChainProxy.java:334) ~[spring-security-web-5.1.4.RELEASE.jar:5.1.4.RELEASE]
	at org.springframework.security.web.authentication.AbstractAuthenticationProcessingFilter.doFilter(AbstractAuthenticationProcessingFilter.java:200) ~[spring-security-web-5.1.4.RELEASE.jar:5.1.4.RELEASE]
	at org.springframework.security.web.FilterChainProxy$VirtualFilterChain.doFilter(FilterChainProxy.java:334) ~[spring-security-web-5.1.4.RELEASE.jar:5.1.4.RELEASE]
	at org.springframework.security.web.authentication.logout.LogoutFilter.doFilter(LogoutFilter.java:116) ~[spring-security-web-5.1.4.RELEASE.jar:5.1.4.RELEASE]
	at org.springframework.security.web.FilterChainProxy$VirtualFilterChain.doFilter(FilterChainProxy.java:334) ~[spring-security-web-5.1.4.RELEASE.jar:5.1.4.RELEASE]
	at org.springframework.security.web.header.HeaderWriterFilter.doFilterInternal(HeaderWriterFilter.java:74) ~[spring-security-web-5.1.4.RELEASE.jar:5.1.4.RELEASE]
	at org.springframework.web.filter.OncePerRequestFilter.doFilter(OncePerRequestFilter.java:107) ~[spring-web-5.1.5.RELEASE.jar:5.1.5.RELEASE]
	at org.springframework.security.web.FilterChainProxy$VirtualFilterChain.doFilter(FilterChainProxy.java:334) ~[spring-security-web-5.1.4.RELEASE.jar:5.1.4.RELEASE]
	at org.springframework.security.web.context.SecurityContextPersistenceFilter.doFilter(SecurityContextPersistenceFilter.java:105) ~[spring-security-web-5.1.4.RELEASE.jar:5.1.4.RELEASE]
	at org.springframework.security.web.FilterChainProxy$VirtualFilterChain.doFilter(FilterChainProxy.java:334) ~[spring-security-web-5.1.4.RELEASE.jar:5.1.4.RELEASE]
	at org.springframework.security.web.context.request.async.WebAsyncManagerIntegrationFilter.doFilterInternal(WebAsyncManagerIntegrationFilter.java:56) ~[spring-security-web-5.1.4.RELEASE.jar:5.1.4.RELEASE]
	at org.springframework.web.filter.OncePerRequestFilter.doFilter(OncePerRequestFilter.java:107) ~[spring-web-5.1.5.RELEASE.jar:5.1.5.RELEASE]
	at org.springframework.security.web.FilterChainProxy$VirtualFilterChain.doFilter(FilterChainProxy.java:334) ~[spring-security-web-5.1.4.RELEASE.jar:5.1.4.RELEASE]
	at org.springframework.security.web.FilterChainProxy.doFilterInternal(FilterChainProxy.java:215) ~[spring-security-web-5.1.4.RELEASE.jar:5.1.4.RELEASE]
	at org.springframework.security.web.FilterChainProxy.doFilter(FilterChainProxy.java:178) ~[spring-security-web-5.1.4.RELEASE.jar:5.1.4.RELEASE]
	at org.springframework.web.filter.DelegatingFilterProxy.invokeDelegate(DelegatingFilterProxy.java:357) ~[spring-web-5.1.5.RELEASE.jar:5.1.5.RELEASE]
	at org.springframework.web.filter.DelegatingFilterProxy.doFilter(DelegatingFilterProxy.java:270) ~[spring-web-5.1.5.RELEASE.jar:5.1.5.RELEASE]
	at io.undertow.servlet.core.ManagedFilter.doFilter(ManagedFilter.java:61) ~[undertow-servlet-2.0.17.Final.jar:2.0.17.Final]
	at io.undertow.servlet.handlers.FilterHandler$FilterChainImpl.doFilter(FilterHandler.java:131) ~[undertow-servlet-2.0.17.Final.jar:2.0.17.Final]
	at org.springframework.web.filter.RequestContextFilter.doFilterInternal(RequestContextFilter.java:99) ~[spring-web-5.1.5.RELEASE.jar:5.1.5.RELEASE]
	at org.springframework.web.filter.OncePerRequestFilter.doFilter(OncePerRequestFilter.java:107) ~[spring-web-5.1.5.RELEASE.jar:5.1.5.RELEASE]
	at io.undertow.servlet.core.ManagedFilter.doFilter(ManagedFilter.java:61) ~[undertow-servlet-2.0.17.Final.jar:2.0.17.Final]
	at io.undertow.servlet.handlers.FilterHandler$FilterChainImpl.doFilter(FilterHandler.java:131) ~[undertow-servlet-2.0.17.Final.jar:2.0.17.Final]
	at org.springframework.web.filter.FormContentFilter.doFilterInternal(FormContentFilter.java:92) ~[spring-web-5.1.5.RELEASE.jar:5.1.5.RELEASE]
	at org.springframework.web.filter.OncePerRequestFilter.doFilter(OncePerRequestFilter.java:107) ~[spring-web-5.1.5.RELEASE.jar:5.1.5.RELEASE]
	at io.undertow.servlet.core.ManagedFilter.doFilter(ManagedFilter.java:61) ~[undertow-servlet-2.0.17.Final.jar:2.0.17.Final]
	at io.undertow.servlet.handlers.FilterHandler$FilterChainImpl.doFilter(FilterHandler.java:131) ~[undertow-servlet-2.0.17.Final.jar:2.0.17.Final]
	at org.springframework.web.filter.HiddenHttpMethodFilter.doFilterInternal(HiddenHttpMethodFilter.java:93) ~[spring-web-5.1.5.RELEASE.jar:5.1.5.RELEASE]
	at org.springframework.web.filter.OncePerRequestFilter.doFilter(OncePerRequestFilter.java:107) ~[spring-web-5.1.5.RELEASE.jar:5.1.5.RELEASE]
	at io.undertow.servlet.core.ManagedFilter.doFilter(ManagedFilter.java:61) ~[undertow-servlet-2.0.17.Final.jar:2.0.17.Final]
	at io.undertow.servlet.handlers.FilterHandler$FilterChainImpl.doFilter(FilterHandler.java:131) ~[undertow-servlet-2.0.17.Final.jar:2.0.17.Final]
	at org.springframework.boot.actuate.metrics.web.servlet.WebMvcMetricsFilter.filterAndRecordMetrics(WebMvcMetricsFilter.java:117) ~[spring-boot-actuator-2.1.3.RELEASE.jar:2.1.3.RELEASE]
	at org.springframework.boot.actuate.metrics.web.servlet.WebMvcMetricsFilter.doFilterInternal(WebMvcMetricsFilter.java:106) ~[spring-boot-actuator-2.1.3.RELEASE.jar:2.1.3.RELEASE]
	at org.springframework.web.filter.OncePerRequestFilter.doFilter(OncePerRequestFilter.java:107) ~[spring-web-5.1.5.RELEASE.jar:5.1.5.RELEASE]
	at io.undertow.servlet.core.ManagedFilter.doFilter(ManagedFilter.java:61) ~[undertow-servlet-2.0.17.Final.jar:2.0.17.Final]
	at io.undertow.servlet.handlers.FilterHandler$FilterChainImpl.doFilter(FilterHandler.java:131) ~[undertow-servlet-2.0.17.Final.jar:2.0.17.Final]
	at org.springframework.web.filter.CharacterEncodingFilter.doFilterInternal(CharacterEncodingFilter.java:200) ~[spring-web-5.1.5.RELEASE.jar:5.1.5.RELEASE]
	at org.springframework.web.filter.OncePerRequestFilter.doFilter(OncePerRequestFilter.java:107) ~[spring-web-5.1.5.RELEASE.jar:5.1.5.RELEASE]
	at io.undertow.servlet.core.ManagedFilter.doFilter(ManagedFilter.java:61) ~[undertow-servlet-2.0.17.Final.jar:2.0.17.Final]
	at io.undertow.servlet.handlers.FilterHandler$FilterChainImpl.doFilter(FilterHandler.java:131) ~[undertow-servlet-2.0.17.Final.jar:2.0.17.Final]
	at io.undertow.servlet.handlers.FilterHandler.handleRequest(FilterHandler.java:84) ~[undertow-servlet-2.0.17.Final.jar:2.0.17.Final]
	at io.undertow.servlet.handlers.security.ServletSecurityRoleHandler.handleRequest(ServletSecurityRoleHandler.java:62) ~[undertow-servlet-2.0.17.Final.jar:2.0.17.Final]
	at io.undertow.servlet.handlers.ServletChain$1.handleRequest(ServletChain.java:68) ~[undertow-servlet-2.0.17.Final.jar:2.0.17.Final]
	at io.undertow.servlet.handlers.ServletDispatchingHandler.handleRequest(ServletDispatchingHandler.java:36) ~[undertow-servlet-2.0.17.Final.jar:2.0.17.Final]
	at io.undertow.servlet.handlers.security.SSLInformationAssociationHandler.handleRequest(SSLInformationAssociationHandler.java:132) ~[undertow-servlet-2.0.17.Final.jar:2.0.17.Final]
	at io.undertow.servlet.handlers.security.ServletAuthenticationCallHandler.handleRequest(ServletAuthenticationCallHandler.java:57) ~[undertow-servlet-2.0.17.Final.jar:2.0.17.Final]
	at io.undertow.server.handlers.PredicateHandler.handleRequest(PredicateHandler.java:43) ~[undertow-core-2.0.17.Final.jar:2.0.17.Final]
	at io.undertow.security.handlers.AbstractConfidentialityHandler.handleRequest(AbstractConfidentialityHandler.java:46) ~[undertow-core-2.0.17.Final.jar:2.0.17.Final]
	at io.undertow.servlet.handlers.security.ServletConfidentialityConstraintHandler.handleRequest(ServletConfidentialityConstraintHandler.java:64) ~[undertow-servlet-2.0.17.Final.jar:2.0.17.Final]
	at io.undertow.security.handlers.AuthenticationMechanismsHandler.handleRequest(AuthenticationMechanismsHandler.java:60) ~[undertow-core-2.0.17.Final.jar:2.0.17.Final]
	at io.undertow.servlet.handlers.security.CachedAuthenticatedSessionHandler.handleRequest(CachedAuthenticatedSessionHandler.java:77) ~[undertow-servlet-2.0.17.Final.jar:2.0.17.Final]
	at io.undertow.security.handlers.AbstractSecurityContextAssociationHandler.handleRequest(AbstractSecurityContextAssociationHandler.java:43) ~[undertow-core-2.0.17.Final.jar:2.0.17.Final]
	at io.undertow.server.handlers.PredicateHandler.handleRequest(PredicateHandler.java:43) ~[undertow-core-2.0.17.Final.jar:2.0.17.Final]
	at io.undertow.server.handlers.PredicateHandler.handleRequest(PredicateHandler.java:43) ~[undertow-core-2.0.17.Final.jar:2.0.17.Final]
	at io.undertow.servlet.handlers.ServletInitialHandler.handleFirstRequest(ServletInitialHandler.java:292) [undertow-servlet-2.0.17.Final.jar:2.0.17.Final]
	at io.undertow.servlet.handlers.ServletInitialHandler.access$100(ServletInitialHandler.java:81) [undertow-servlet-2.0.17.Final.jar:2.0.17.Final]
	at io.undertow.servlet.handlers.ServletInitialHandler$2.call(ServletInitialHandler.java:138) [undertow-servlet-2.0.17.Final.jar:2.0.17.Final]
	at io.undertow.servlet.handlers.ServletInitialHandler$2.call(ServletInitialHandler.java:135) [undertow-servlet-2.0.17.Final.jar:2.0.17.Final]
	at io.undertow.servlet.core.ServletRequestContextThreadSetupAction$1.call(ServletRequestContextThreadSetupAction.java:48) [undertow-servlet-2.0.17.Final.jar:2.0.17.Final]
	at io.undertow.servlet.core.ContextClassLoaderSetupAction$1.call(ContextClassLoaderSetupAction.java:43) [undertow-servlet-2.0.17.Final.jar:2.0.17.Final]
	at io.undertow.servlet.handlers.ServletInitialHandler.dispatchRequest(ServletInitialHandler.java:272) [undertow-servlet-2.0.17.Final.jar:2.0.17.Final]
	at io.undertow.servlet.handlers.ServletInitialHandler.access$000(ServletInitialHandler.java:81) [undertow-servlet-2.0.17.Final.jar:2.0.17.Final]
	at io.undertow.servlet.handlers.ServletInitialHandler$1.handleRequest(ServletInitialHandler.java:104) [undertow-servlet-2.0.17.Final.jar:2.0.17.Final]
	at io.undertow.server.Connectors.executeRootHandler(Connectors.java:364) [undertow-core-2.0.17.Final.jar:2.0.17.Final]
	at io.undertow.server.HttpServerExchange$1.run(HttpServerExchange.java:830) [undertow-core-2.0.17.Final.jar:2.0.17.Final]
	at java.util.concurrent.ThreadPoolExecutor.runWorker(ThreadPoolExecutor.java:1149) [na:1.8.0_152]
	at java.util.concurrent.ThreadPoolExecutor$Worker.run(ThreadPoolExecutor.java:624) [na:1.8.0_152]
	at java.lang.Thread.run(Thread.java:748) [na:1.8.0_152]
Caused by: org.springframework.beans.factory.BeanCreationNotAllowedException: Error creating bean with name 'instancesProxyController': Singleton bean creation not allowed while singletons of this factory are in destruction (Do not request a bean from a BeanFactory in a destroy method implementation!)
	at org.springframework.beans.factory.support.DefaultSingletonBeanRegistry.getSingleton(DefaultSingletonBeanRegistry.java:208) ~[spring-beans-5.1.5.RELEASE.jar:5.1.5.RELEASE]
	at org.springframework.beans.factory.support.AbstractBeanFactory.doGetBean(AbstractBeanFactory.java:318) ~[spring-beans-5.1.5.RELEASE.jar:5.1.5.RELEASE]
	at org.springframework.beans.factory.support.AbstractBeanFactory.getBean(AbstractBeanFactory.java:199) ~[spring-beans-5.1.5.RELEASE.jar:5.1.5.RELEASE]
	at org.springframework.web.method.HandlerMethod.createWithResolvedBean(HandlerMethod.java:323) ~[spring-web-5.1.5.RELEASE.jar:5.1.5.RELEASE]
	at org.springframework.web.servlet.handler.AbstractHandlerMethodMapping.getHandlerInternal(AbstractHandlerMethodMapping.java:366) ~[spring-webmvc-5.1.5.RELEASE.jar:5.1.5.RELEASE]
	at org.springframework.web.servlet.handler.AbstractHandlerMethodMapping.getHandlerInternal(AbstractHandlerMethodMapping.java:65) ~[spring-webmvc-5.1.5.RELEASE.jar:5.1.5.RELEASE]
	at org.springframework.web.servlet.handler.AbstractHandlerMapping.getHandler(AbstractHandlerMapping.java:401) ~[spring-webmvc-5.1.5.RELEASE.jar:5.1.5.RELEASE]
	at org.springframework.web.servlet.DispatcherServlet.getHandler(DispatcherServlet.java:1231) ~[spring-webmvc-5.1.5.RELEASE.jar:5.1.5.RELEASE]
	at org.springframework.web.servlet.DispatcherServlet.doDispatch(DispatcherServlet.java:1014) ~[spring-webmvc-5.1.5.RELEASE.jar:5.1.5.RELEASE]
	at org.springframework.web.servlet.DispatcherServlet.doService(DispatcherServlet.java:942) ~[spring-webmvc-5.1.5.RELEASE.jar:5.1.5.RELEASE]
	at org.springframework.web.servlet.FrameworkServlet.processRequest(FrameworkServlet.java:1005) ~[spring-webmvc-5.1.5.RELEASE.jar:5.1.5.RELEASE]
	... 94 common frames omitted

2019-03-27 14:49:20.861  INFO 14060 --- [Thread-38] com.netflix.discovery.DiscoveryClient    : Unregistering ...
2019-03-27 14:49:20.865  INFO 14060 --- [Thread-38] com.netflix.discovery.DiscoveryClient    : DiscoveryClient_SPRING-BOOT-ADMIN/localhost:spring-boot-admin:9999 - deregister  status: 200
2019-03-27 14:49:20.871  INFO 14060 --- [Thread-38] com.netflix.discovery.DiscoveryClient    : Completed shut down of DiscoveryClient
2019-03-27 14:49:20.873  INFO 14060 --- [Thread-38] io.undertow.servlet                      : Destroying Spring FrameworkServlet 'dispatcherServlet'
2019-03-27 14:49:28.072  INFO [           main] trationDelegate$BeanPostProcessorChecker : Bean 'org.springframework.cloud.autoconfigure.ConfigurationPropertiesRebinderAutoConfiguration' of type [org.springframework.cloud.autoconfigure.ConfigurationPropertiesRebinderAutoConfiguration$$EnhancerBySpringCGLIB$$b774a001] is not eligible for getting processed by all BeanPostProcessors (for example: not eligible for auto-proxying)
2019-03-27 14:49:29.291  INFO [           main] com.yb.admin.AdminApplication            : The following profiles are active: prop
2019-03-27 14:49:30.169  WARN [           main] o.s.boot.actuate.endpoint.EndpointId     : Endpoint ID 'service-registry' contains invalid characters, please migrate to a valid format.
2019-03-27 14:49:30.176  WARN [           main] o.s.boot.actuate.endpoint.EndpointId     : Endpoint ID 'hystrix.stream' contains invalid characters, please migrate to a valid format.
2019-03-27 14:49:30.368  INFO [           main] o.s.cloud.context.scope.GenericScope     : BeanFactory id=f402e609-ff34-31af-b185-a5c9e6cd1e5a
2019-03-27 14:49:30.666  INFO [           main] trationDelegate$BeanPostProcessorChecker : Bean 'org.springframework.cloud.autoconfigure.ConfigurationPropertiesRebinderAutoConfiguration' of type [org.springframework.cloud.autoconfigure.ConfigurationPropertiesRebinderAutoConfiguration$$EnhancerBySpringCGLIB$$b774a001] is not eligible for getting processed by all BeanPostProcessors (for example: not eligible for auto-proxying)
2019-03-27 14:49:30.896  WARN [           main] io.undertow.websockets.jsr               : UT026010: Buffer pool was not set on WebSocketDeploymentInfo, the default pool will be used
2019-03-27 14:49:30.921  INFO [           main] io.undertow.servlet                      : Initializing Spring embedded WebApplicationContext
2019-03-27 14:49:30.922  INFO [           main] o.s.web.context.ContextLoader            : Root WebApplicationContext: initialization completed in 1614 ms
2019-03-27 14:49:31.119  WARN [           main] c.n.c.sources.URLConfigurationSource     : No URLs will be polled as dynamic configuration sources.
2019-03-27 14:49:31.120  INFO [           main] c.n.c.sources.URLConfigurationSource     : To enable URLs as dynamic configuration sources, define System property archaius.configurationSource.additionalUrls or make config.properties available on classpath.
2019-03-27 14:49:31.135  INFO [           main] c.netflix.config.DynamicPropertyFactory  : DynamicPropertyFactory is initialized with configuration sources: com.netflix.config.ConcurrentCompositeConfiguration@204d9edf
2019-03-27 14:49:32.418  INFO [           main] o.s.cloud.commons.util.InetUtils         : Cannot determine local hostname
2019-03-27 14:49:32.762  INFO [           main] o.s.b.a.e.web.ServletEndpointRegistrar   : Registered '/actuator/jolokia' to jolokia-actuator-endpoint
2019-03-27 14:49:32.762  INFO [           main] o.s.b.a.e.web.ServletEndpointRegistrar   : Registered '/actuator/hystrix.stream' to hystrix.stream-actuator-endpoint
2019-03-27 14:49:32.833  WARN [           main] c.n.c.sources.URLConfigurationSource     : No URLs will be polled as dynamic configuration sources.
2019-03-27 14:49:32.833  INFO [           main] c.n.c.sources.URLConfigurationSource     : To enable URLs as dynamic configuration sources, define System property archaius.configurationSource.additionalUrls or make config.properties available on classpath.
2019-03-27 14:49:33.045  INFO [           main] o.s.s.concurrent.ThreadPoolTaskExecutor  : Initializing ExecutorService 'applicationTaskExecutor'
2019-03-27 14:49:33.163  WARN [           main] ion$DefaultTemplateResolverConfiguration : Cannot find template location: classpath:/templates/ (please add some templates or check your Thymeleaf configuration)
2019-03-27 14:49:34.672  INFO [           main] o.s.cloud.commons.util.InetUtils         : Cannot determine local hostname
2019-03-27 14:49:35.176  INFO [           main] o.s.s.web.DefaultSecurityFilterChain     : Creating filter chain: any request, [org.springframework.security.web.context.request.async.WebAsyncManagerIntegrationFilter@3155f190, org.springframework.security.web.context.SecurityContextPersistenceFilter@7d5a0b14, org.springframework.security.web.header.HeaderWriterFilter@924f3f1, org.springframework.security.web.csrf.CsrfFilter@4b56b517, org.springframework.security.web.authentication.logout.LogoutFilter@13714753, org.springframework.security.web.authentication.UsernamePasswordAuthenticationFilter@51fb5fe6, org.springframework.security.web.authentication.ui.DefaultLoginPageGeneratingFilter@1cab19e2, org.springframework.security.web.authentication.ui.DefaultLogoutPageGeneratingFilter@cfb94fd, org.springframework.security.web.authentication.www.BasicAuthenticationFilter@24ac6fef, org.springframework.security.web.savedrequest.RequestCacheAwareFilter@279e1422, org.springframework.security.web.servletapi.SecurityContextHolderAwareRequestFilter@4ae2c01b, org.springframework.security.web.authentication.AnonymousAuthenticationFilter@4ebd8d2, org.springframework.security.web.session.SessionManagementFilter@77a4bac, org.springframework.security.web.access.ExceptionTranslationFilter@54e94de9, org.springframework.security.web.access.intercept.FilterSecurityInterceptor@2133b712]
2019-03-27 14:49:35.252  INFO [           main] o.s.b.a.e.web.EndpointLinksResolver      : Exposing 22 endpoint(s) beneath base path '/actuator'
2019-03-27 14:49:35.542  INFO [           main] o.s.c.n.eureka.InstanceInfoFactory       : Setting initial instance status as: STARTING
2019-03-27 14:49:35.580  INFO [           main] com.netflix.discovery.DiscoveryClient    : Initializing Eureka in region us-east-1
2019-03-27 14:49:35.899  INFO [           main] c.n.d.provider.DiscoveryJerseyProvider   : Using JSON encoding codec LegacyJacksonJson
2019-03-27 14:49:35.899  INFO [           main] c.n.d.provider.DiscoveryJerseyProvider   : Using JSON decoding codec LegacyJacksonJson
2019-03-27 14:49:36.027  INFO [           main] c.n.d.provider.DiscoveryJerseyProvider   : Using XML encoding codec XStreamXml
2019-03-27 14:49:36.027  INFO [           main] c.n.d.provider.DiscoveryJerseyProvider   : Using XML decoding codec XStreamXml
2019-03-27 14:49:36.301  INFO [           main] c.n.d.s.r.aws.ConfigClusterResolver      : Resolving eureka endpoints via configuration
2019-03-27 14:49:36.371  INFO [           main] com.netflix.discovery.DiscoveryClient    : Disable delta property : false
2019-03-27 14:49:36.371  INFO [           main] com.netflix.discovery.DiscoveryClient    : Single vip registry refresh property : null
2019-03-27 14:49:36.371  INFO [           main] com.netflix.discovery.DiscoveryClient    : Force full registry fetch : false
2019-03-27 14:49:36.371  INFO [           main] com.netflix.discovery.DiscoveryClient    : Application is null : false
2019-03-27 14:49:36.371  INFO [           main] com.netflix.discovery.DiscoveryClient    : Registered Applications size is zero : true
2019-03-27 14:49:36.371  INFO [           main] com.netflix.discovery.DiscoveryClient    : Application version is -1: true
2019-03-27 14:49:36.371  INFO [           main] com.netflix.discovery.DiscoveryClient    : Getting all instance registry info from the eureka server
2019-03-27 14:49:36.549  INFO [           main] com.netflix.discovery.DiscoveryClient    : The response status is 200
2019-03-27 14:49:36.553  INFO [           main] com.netflix.discovery.DiscoveryClient    : Starting heartbeat executor: renew interval is: 10
2019-03-27 14:49:36.558  INFO [           main] c.n.discovery.InstanceInfoReplicator     : InstanceInfoReplicator onDemand update allowed rate per min is 4
2019-03-27 14:49:36.562  INFO [           main] com.netflix.discovery.DiscoveryClient    : Discovery Client initialized at timestamp 1553669376561 with initial instances count: 1
2019-03-27 14:49:36.564  INFO [           main] o.s.c.n.e.s.EurekaServiceRegistry        : Registering application SPRING-BOOT-ADMIN with eureka with status UP
2019-03-27 14:49:36.565  INFO [           main] com.netflix.discovery.DiscoveryClient    : Saw local status change event StatusChangeEvent [timestamp=1553669376565, current=UP, previous=STARTING]
2019-03-27 14:49:36.569  INFO [nfoReplicator-0] com.netflix.discovery.DiscoveryClient    : DiscoveryClient_SPRING-BOOT-ADMIN/localhost:spring-boot-admin:9999: registering service...
2019-03-27 14:49:36.620  INFO [nfoReplicator-0] com.netflix.discovery.DiscoveryClient    : DiscoveryClient_SPRING-BOOT-ADMIN/localhost:spring-boot-admin:9999 - registration status: 204
2019-03-27 14:49:36.962  INFO [           main] org.xnio                                 : XNIO version 3.3.8.Final
2019-03-27 14:49:36.975  INFO [           main] org.xnio.nio                             : XNIO NIO Implementation Version 3.3.8.Final
2019-03-27 14:49:37.230  INFO [           main] o.s.b.w.e.u.UndertowServletWebServer     : Undertow started on port(s) 9999 (http) with context path ''
2019-03-27 14:49:37.230  INFO [           main] .s.c.n.e.s.EurekaAutoServiceRegistration : Updating port to 9999
2019-03-27 14:49:37.232  INFO [           main] com.yb.admin.AdminApplication            : Started AdminApplication in 11.223 seconds (JVM running for 12.287)
2019-03-27 14:49:37.290  INFO [1)-172.16.171.1] io.undertow.servlet                      : Initializing Spring DispatcherServlet 'dispatcherServlet'
2019-03-27 14:49:37.290  INFO [1)-172.16.171.1] o.s.web.servlet.DispatcherServlet        : Initializing Servlet 'dispatcherServlet'
2019-03-27 14:49:37.299  INFO [1)-172.16.171.1] o.s.web.servlet.DispatcherServlet        : Completed initialization in 9 ms
2019-03-27 14:50:02.609  INFO [ XNIO-1 task-13] io.undertow.servlet                      : jolokia-actuator-endpoint: No access restrictor found, access to any MBean is allowed
2019-03-27 14:53:02.514  INFO [      Thread-33] o.s.c.n.e.s.EurekaServiceRegistry        : Unregistering application SPRING-BOOT-ADMIN with eureka with status DOWN
2019-03-27 14:53:02.514  WARN [      Thread-33] com.netflix.discovery.DiscoveryClient    : Saw local status change event StatusChangeEvent [timestamp=1553669582514, current=DOWN, previous=UP]
2019-03-27 14:53:02.514  INFO [nfoReplicator-0] com.netflix.discovery.DiscoveryClient    : DiscoveryClient_SPRING-BOOT-ADMIN/localhost:spring-boot-admin:9999: registering service...
2019-03-27 14:53:02.540  INFO [      Thread-33] o.s.s.concurrent.ThreadPoolTaskExecutor  : Shutting down ExecutorService 'applicationTaskExecutor'
2019-03-27 14:53:02.550  INFO [      Thread-33] com.netflix.discovery.DiscoveryClient    : Shutting down DiscoveryClient ...
2019-03-27 14:53:02.574  INFO [nfoReplicator-0] com.netflix.discovery.DiscoveryClient    : DiscoveryClient_SPRING-BOOT-ADMIN/localhost:spring-boot-admin:9999 - registration status: 204
2019-03-27 14:53:02.574  INFO [      Thread-33] com.netflix.discovery.DiscoveryClient    : Unregistering ...
2019-03-27 14:53:02.579  INFO [      Thread-33] com.netflix.discovery.DiscoveryClient    : DiscoveryClient_SPRING-BOOT-ADMIN/localhost:spring-boot-admin:9999 - deregister  status: 200
2019-03-27 14:53:02.589  INFO [      Thread-33] com.netflix.discovery.DiscoveryClient    : Completed shut down of DiscoveryClient
2019-03-27 14:53:02.591  INFO [      Thread-33] io.undertow.servlet                      : Destroying Spring FrameworkServlet 'dispatcherServlet'
2019-03-27 14:53:08.830  INFO [           main] trationDelegate$BeanPostProcessorChecker : Bean 'org.springframework.cloud.autoconfigure.ConfigurationPropertiesRebinderAutoConfiguration' of type [org.springframework.cloud.autoconfigure.ConfigurationPropertiesRebinderAutoConfiguration$$EnhancerBySpringCGLIB$$e2586e50] is not eligible for getting processed by all BeanPostProcessors (for example: not eligible for auto-proxying)
2019-03-27 14:53:10.080  INFO [           main] com.yb.admin.AdminApplication            : The following profiles are active: dev
2019-03-27 14:53:11.014  WARN [           main] o.s.boot.actuate.endpoint.EndpointId     : Endpoint ID 'service-registry' contains invalid characters, please migrate to a valid format.
2019-03-27 14:53:11.027  WARN [           main] o.s.boot.actuate.endpoint.EndpointId     : Endpoint ID 'hystrix.stream' contains invalid characters, please migrate to a valid format.
2019-03-27 14:53:11.241  INFO [           main] o.s.cloud.context.scope.GenericScope     : BeanFactory id=b65c3523-9161-33c2-b1c6-fad7a5e08531
2019-03-27 14:53:11.511  INFO [           main] trationDelegate$BeanPostProcessorChecker : Bean 'org.springframework.cloud.autoconfigure.ConfigurationPropertiesRebinderAutoConfiguration' of type [org.springframework.cloud.autoconfigure.ConfigurationPropertiesRebinderAutoConfiguration$$EnhancerBySpringCGLIB$$e2586e50] is not eligible for getting processed by all BeanPostProcessors (for example: not eligible for auto-proxying)
2019-03-27 14:53:11.763  WARN [           main] io.undertow.websockets.jsr               : UT026010: Buffer pool was not set on WebSocketDeploymentInfo, the default pool will be used
2019-03-27 14:53:11.796  INFO [           main] io.undertow.servlet                      : Initializing Spring embedded WebApplicationContext
2019-03-27 14:53:11.796  INFO [           main] o.s.web.context.ContextLoader            : Root WebApplicationContext: initialization completed in 1690 ms
2019-03-27 14:53:12.033  WARN [           main] c.n.c.sources.URLConfigurationSource     : No URLs will be polled as dynamic configuration sources.
2019-03-27 14:53:12.033  INFO [           main] c.n.c.sources.URLConfigurationSource     : To enable URLs as dynamic configuration sources, define System property archaius.configurationSource.additionalUrls or make config.properties available on classpath.
2019-03-27 14:53:12.049  INFO [           main] c.netflix.config.DynamicPropertyFactory  : DynamicPropertyFactory is initialized with configuration sources: com.netflix.config.ConcurrentCompositeConfiguration@33eb0d4
2019-03-27 14:53:13.349  INFO [           main] o.s.cloud.commons.util.InetUtils         : Cannot determine local hostname
2019-03-27 14:53:13.679  INFO [           main] o.s.b.a.e.web.ServletEndpointRegistrar   : Registered '/actuator/jolokia' to jolokia-actuator-endpoint
2019-03-27 14:53:13.679  INFO [           main] o.s.b.a.e.web.ServletEndpointRegistrar   : Registered '/actuator/hystrix.stream' to hystrix.stream-actuator-endpoint
2019-03-27 14:53:13.845  WARN [           main] c.n.c.sources.URLConfigurationSource     : No URLs will be polled as dynamic configuration sources.
2019-03-27 14:53:13.845  INFO [           main] c.n.c.sources.URLConfigurationSource     : To enable URLs as dynamic configuration sources, define System property archaius.configurationSource.additionalUrls or make config.properties available on classpath.
2019-03-27 14:53:14.040  INFO [           main] o.s.s.concurrent.ThreadPoolTaskExecutor  : Initializing ExecutorService 'applicationTaskExecutor'
2019-03-27 14:53:14.170  WARN [           main] ion$DefaultTemplateResolverConfiguration : Cannot find template location: classpath:/templates/ (please add some templates or check your Thymeleaf configuration)
2019-03-27 14:53:15.761  INFO [           main] o.s.cloud.commons.util.InetUtils         : Cannot determine local hostname
2019-03-27 14:53:16.179  INFO [           main] o.s.s.web.DefaultSecurityFilterChain     : Creating filter chain: any request, [org.springframework.security.web.context.request.async.WebAsyncManagerIntegrationFilter@3c2dda7c, org.springframework.security.web.context.SecurityContextPersistenceFilter@2b41b8bb, org.springframework.security.web.header.HeaderWriterFilter@4c28f97e, org.springframework.security.web.authentication.logout.LogoutFilter@2548fc01, org.springframework.security.web.authentication.UsernamePasswordAuthenticationFilter@722b3ba2, org.springframework.security.web.authentication.www.BasicAuthenticationFilter@39ae6408, org.springframework.security.web.savedrequest.RequestCacheAwareFilter@7538cfe6, org.springframework.security.web.servletapi.SecurityContextHolderAwareRequestFilter@7d95166a, org.springframework.security.web.authentication.AnonymousAuthenticationFilter@4b9fa2f, org.springframework.security.web.session.SessionManagementFilter@5a1c7619, org.springframework.security.web.access.ExceptionTranslationFilter@778197c0, org.springframework.security.web.access.intercept.FilterSecurityInterceptor@1d2d4d7a]
2019-03-27 14:53:16.248  INFO [           main] o.s.b.a.e.web.EndpointLinksResolver      : Exposing 22 endpoint(s) beneath base path '/actuator'
2019-03-27 14:53:16.482  INFO [           main] o.s.c.n.eureka.InstanceInfoFactory       : Setting initial instance status as: STARTING
2019-03-27 14:53:16.531  INFO [           main] com.netflix.discovery.DiscoveryClient    : Initializing Eureka in region us-east-1
2019-03-27 14:53:16.799  INFO [           main] c.n.d.provider.DiscoveryJerseyProvider   : Using JSON encoding codec LegacyJacksonJson
2019-03-27 14:53:16.800  INFO [           main] c.n.d.provider.DiscoveryJerseyProvider   : Using JSON decoding codec LegacyJacksonJson
2019-03-27 14:53:16.946  INFO [           main] c.n.d.provider.DiscoveryJerseyProvider   : Using XML encoding codec XStreamXml
2019-03-27 14:53:16.947  INFO [           main] c.n.d.provider.DiscoveryJerseyProvider   : Using XML decoding codec XStreamXml
2019-03-27 14:53:17.213  INFO [           main] c.n.d.s.r.aws.ConfigClusterResolver      : Resolving eureka endpoints via configuration
2019-03-27 14:53:17.288  INFO [           main] com.netflix.discovery.DiscoveryClient    : Disable delta property : false
2019-03-27 14:53:17.288  INFO [           main] com.netflix.discovery.DiscoveryClient    : Single vip registry refresh property : null
2019-03-27 14:53:17.289  INFO [           main] com.netflix.discovery.DiscoveryClient    : Force full registry fetch : false
2019-03-27 14:53:17.289  INFO [           main] com.netflix.discovery.DiscoveryClient    : Application is null : false
2019-03-27 14:53:17.289  INFO [           main] com.netflix.discovery.DiscoveryClient    : Registered Applications size is zero : true
2019-03-27 14:53:17.289  INFO [           main] com.netflix.discovery.DiscoveryClient    : Application version is -1: true
2019-03-27 14:53:17.289  INFO [           main] com.netflix.discovery.DiscoveryClient    : Getting all instance registry info from the eureka server
2019-03-27 14:53:17.627  INFO [           main] com.netflix.discovery.DiscoveryClient    : The response status is 200
2019-03-27 14:53:17.632  INFO [           main] com.netflix.discovery.DiscoveryClient    : Starting heartbeat executor: renew interval is: 10
2019-03-27 14:53:17.635  INFO [           main] c.n.discovery.InstanceInfoReplicator     : InstanceInfoReplicator onDemand update allowed rate per min is 4
2019-03-27 14:53:17.640  INFO [           main] com.netflix.discovery.DiscoveryClient    : Discovery Client initialized at timestamp 1553669597639 with initial instances count: 2
2019-03-27 14:53:17.642  INFO [           main] o.s.c.n.e.s.EurekaServiceRegistry        : Registering application SPRING-BOOT-ADMIN with eureka with status UP
2019-03-27 14:53:17.643  INFO [           main] com.netflix.discovery.DiscoveryClient    : Saw local status change event StatusChangeEvent [timestamp=1553669597643, current=UP, previous=STARTING]
2019-03-27 14:53:17.646  INFO [nfoReplicator-0] com.netflix.discovery.DiscoveryClient    : DiscoveryClient_SPRING-BOOT-ADMIN/localhost:spring-boot-admin:9999: registering service...
2019-03-27 14:53:17.706  INFO [nfoReplicator-0] com.netflix.discovery.DiscoveryClient    : DiscoveryClient_SPRING-BOOT-ADMIN/localhost:spring-boot-admin:9999 - registration status: 204
2019-03-27 14:53:18.027  INFO [           main] org.xnio                                 : XNIO version 3.3.8.Final
2019-03-27 14:53:18.042  INFO [           main] org.xnio.nio                             : XNIO NIO Implementation Version 3.3.8.Final
2019-03-27 14:53:18.275  INFO [           main] o.s.b.w.e.u.UndertowServletWebServer     : Undertow started on port(s) 9999 (http) with context path ''
2019-03-27 14:53:18.276  INFO [           main] .s.c.n.e.s.EurekaAutoServiceRegistration : Updating port to 9999
2019-03-27 14:53:18.277  INFO [           main] com.yb.admin.AdminApplication            : Started AdminApplication in 11.542 seconds (JVM running for 12.729)
2019-03-27 14:53:18.541  INFO [3)-172.16.171.1] io.undertow.servlet                      : Initializing Spring DispatcherServlet 'dispatcherServlet'
2019-03-27 14:53:18.541  INFO [3)-172.16.171.1] o.s.web.servlet.DispatcherServlet        : Initializing Servlet 'dispatcherServlet'
2019-03-27 14:53:18.555  INFO [3)-172.16.171.1] o.s.web.servlet.DispatcherServlet        : Completed initialization in 13 ms
2019-03-27 14:53:19.593  INFO [ XNIO-1 task-10] io.undertow.servlet                      : jolokia-actuator-endpoint: No access restrictor found, access to any MBean is allowed
